<?xml version="1.0" encoding="UTF-8"?>
<!-- Generated by org.testng.reporters.JUnitReportReporter -->
<testsuite skipped="0" hostname="LAPTOP-3QOCMFPH" name="tests.TestNGCRUD" tests="5" failures="0" timestamp="2020-08-19T12:37:07 IST" time="5.706" errors="0">
  <testcase name="getPosts" time="2.401" classname="tests.TestNGCRUD"/>
  <system-out>
posts resource is working correctly  </system-out>
  <testcase name="getSpecifiedPost" time="0.765" classname="tests.TestNGCRUD"/>
  <system-out>
Specific post resource is working correctly  </system-out>
  <testcase name="createpost" time="0.850" classname="tests.TestNGCRUD"/>
  <system-out>
New post creation worked correctly  </system-out>
  <testcase name="updatepost" time="0.868" classname="tests.TestNGCRUD"/>
  <system-out>
Existing post updation worked correctly  </system-out>
  <testcase name="deletepost" time="0.822" classname="tests.TestNGCRUD"/>
  <system-out>
Existing post deletion worked correctly  </system-out>
</testsuite> <!-- tests.TestNGCRUD -->
